<?xml version="1.0" encoding="UTF-8"?>
<testng-results skipped="0" failed="0" ignored="0" total="1" passed="1">
  <reporter-output>
    <line>
      <![CDATA[1550486983798 INFO    STARTING TESTSUITE: Test]]>
    </line>
    <line>
      <![CDATA[1550486984264 INFO    configId: chromedriver]]>
    </line>
    <line>
      <![CDATA[1550486984265 INFO    Initializing testsuite, should only run once per]]>
    </line>
    <line>
      <![CDATA[1550486984266 INFO    Attempting to use the latest available version for webdriver ChromeDriver.]]>
    </line>
    <line>
      <![CDATA[1550486986298 INFO    INIT CLASS: PerformLoginAndTweetTest]]>
    </line>
    <line>
      <![CDATA[1550486986302 INFO    Setting debugLevel to IMAGES_RESULT]]>
    </line>
    <line>
      <![CDATA[1550486986307 INFO    configId: chromedriver]]>
    </line>
    <line>
      <![CDATA[1550486986324 INFO    Initializing ChromeDriver]]>
    </line>
    <line>
      <![CDATA[1550486990207 INFO    Setting implicit wait to 0 milliseconds]]>
    </line>
    <line>
      <![CDATA[1550486991254 INFO    Driver loaded URL: https://twitter.com/login]]>
    </line>
    <line>
      <![CDATA[1550486991255 INFO    Navigate to twitter's login-page, the sleep function provied 1000 milli seconds to load the page]]>
    </line>
    <line>
      <![CDATA[1550486996272 INFO    TEST STARTED: performLoginAndWriteTweet]]>
    </line>
    <line>
      <![CDATA[1550486996280 INFO    It varifies that login page has loaded]]>
    </line>
    <line>
      <![CDATA[1550486996280 INFO    Initializing Pages that would be used in Test]]>
    </line>
    <line>
      <![CDATA[1550486996309 INFO    Verifying that the login page is loaded by visibility of login button]]>
    </line>
    <line>
      <![CDATA[1550486996317 TRACE   Finding element using locator:  By.cssSelector: .submit.EdgeButton.EdgeButton--primary.EdgeButtom--medium]]>
    </line>
    <line>
      <![CDATA[1550486996361 TRACE   Element was displayed within 5000 milliseconds]]>
    </line>
    <line>
      <![CDATA[1550486996362 INFO    The Login button is visible]]>
    </line>
    <line>
      <![CDATA[1550486996364 TRACE   Finding element using locator:  By.cssSelector: .js-username-field.email-input.js-initial-focus]]>
    </line>
    <line>
      <![CDATA[1550486996967 TRACE   Finding element using locator:  By.cssSelector: .js-password-field]]>
    </line>
    <line>
      <![CDATA[1550486997476 TRACE   Finding element using locator:  By.cssSelector: .submit.EdgeButton.EdgeButton--primary.EdgeButtom--medium]]>
    </line>
    <line>
      <![CDATA[1550486997517 TRACE   Element was clickable within 3000 milliseconds]]>
    </line>
    <line>
      <![CDATA[1550486998992 INFO    Driver clicked on element: [[ChromeDriver: chrome on XP (22ad901358443a8f8b6f955d0c79edf1)] -> css selector: .submit.EdgeButton.EdgeButton--primary.EdgeButtom--medium]]]>
    </line>
    <line>
      <![CDATA[1550486998993 INFO    Verifying that the login page is loaded by visibility of login button]]>
    </line>
    <line>
      <![CDATA[1550486998993 TRACE   Finding element using locator:  By.xpath: //*[@id="tweet-box-home-timeline"]]]>
    </line>
    <line>
      <![CDATA[1550487000451 TRACE   Element was displayed within 5000 milliseconds]]>
    </line>
    <line>
      <![CDATA[1550487000451 INFO    The main page is visible]]>
    </line>
    <line>
      <![CDATA[1550487000605 TRACE   Element was clickable within 3000 milliseconds]]>
    </line>
    <line>
      <![CDATA[1550487000773 INFO    Driver clicked on element: [[ChromeDriver: chrome on XP (22ad901358443a8f8b6f955d0c79edf1)] -> xpath: //*[@id="tweet-box-home-timeline"]]]]>
    </line>
    <line>
      <![CDATA[1550487003722 TRACE   Finding element using locator:  By.xpath: /html/body/div[2]/div[2]/div/div[2]/div[2]/div/form/div[3]/div[2]/button/span[1]]]>
    </line>
    <line>
      <![CDATA[1550487003846 INFO    Driver clicked on element: [[ChromeDriver: chrome on XP (22ad901358443a8f8b6f955d0c79edf1)] -> xpath: /html/body/div[2]/div[2]/div/div[2]/div[2]/div/form/div[3]/div[2]/button/span[1]]]]>
    </line>
    <line>
      <![CDATA[1550487003928 TRACE   Element was clickable within 3000 milliseconds]]>
    </line>
    <line>
      <![CDATA[1550487003996 INFO    Driver clicked on element: [[ChromeDriver: chrome on XP (22ad901358443a8f8b6f955d0c79edf1)] -> xpath: /html/body/div[2]/div[2]/div/div[2]/div[2]/div/form/div[3]/div[2]/button/span[1]]]]>
    </line>
    <line>
      <![CDATA[1550487003996 INFO    tweet button clicked and tweet has been made]]>
    </line>
    <line>
      <![CDATA[1550487004577 DEBUG   Took screenshot, elapsed time: 549.8 ms]]>
    </line>
    <line>
      <![CDATA[1550487004837 INFO    Appended screenshot with text '2019/02/18 - 11:50:04 - PASS:performLoginAndWriteTweet ' to file: target/surefire-reports\performLoginAndWriteTweet__chromedriver__2019-02-18--11-50-04.jpg in 255.5 ms]]>
    </line>
    <line>
      <![CDATA[1550487004837 INFO    TEST PASSED: performLoginAndWriteTweet
]]>
    </line>
    <line>
      <![CDATA[1550487004840 INFO    CLOSING CHROMEDRIVER: performLoginAndWriteTweet]]>
    </line>
  </reporter-output>
  <suite name="Suite" duration-ms="21770" started-at="2019-02-18T10:49:43Z" finished-at="2019-02-18T10:50:05Z">
    <groups>
      <group name="standard">
        <method signature="PerformLoginAndTweetTest.performLoginAndWriteTweet(org.openqa.selenium.WebDriver)[pri:0, instance:twitter.PerformLoginAndTweetTest@76f2bbc1]" name="performLoginAndWriteTweet" class="twitter.PerformLoginAndTweetTest"/>
      </group> <!-- standard -->
    </groups>
    <test name="Test" duration-ms="21770" started-at="2019-02-18T10:49:43Z" finished-at="2019-02-18T10:50:05Z">
      <class name="twitter.PerformLoginAndTweetTest">
        <test-method status="PASS" signature="beforeSuite(org.testng.ITestContext, org.testng.xml.XmlTest)[pri:0, instance:twitter.PerformLoginAndTweetTest@76f2bbc1]" name="beforeSuite" is-config="true" duration-ms="23" started-at="2019-02-18T10:49:43Z" finished-at="2019-02-18T10:49:43Z">
          <params>
            <param index="0">
              <value>
                <![CDATA[org.testng.TestRunner@30814f43]]>
              </value>
            </param>
            <param index="1">
              <value>
                <![CDATA[org.testng.xml.XmlTest@3f04d83b]]>
              </value>
            </param>
          </params>
          <reporter-output>
          </reporter-output>
        </test-method> <!-- beforeSuite -->
        <test-method status="PASS" signature="initSuite(org.testng.ITestContext, java.lang.String, java.lang.String)[pri:0, instance:twitter.PerformLoginAndTweetTest@76f2bbc1]" name="initSuite" is-config="true" duration-ms="2486" started-at="2019-02-18T10:49:43Z" finished-at="2019-02-18T10:49:46Z">
          <params>
            <param index="0">
              <value>
                <![CDATA[org.testng.TestRunner@30814f43]]>
              </value>
            </param>
            <param index="1">
              <value>
                <![CDATA[]]>
              </value>
            </param>
            <param index="2">
              <value>
                <![CDATA[]]>
              </value>
            </param>
          </params>
          <reporter-output>
            <line>
              <![CDATA[1550486984264 INFO    configId: chromedriver]]>
            </line>
            <line>
              <![CDATA[1550486984265 INFO    Initializing testsuite, should only run once per]]>
            </line>
            <line>
              <![CDATA[1550486984266 INFO    Attempting to use the latest available version for webdriver ChromeDriver.]]>
            </line>
          </reporter-output>
        </test-method> <!-- initSuite -->
        <test-method status="PASS" signature="initTestClass(org.testng.ITestContext, java.lang.String, java.lang.String, java.lang.String)[pri:0, instance:twitter.PerformLoginAndTweetTest@76f2bbc1]" name="initTestClass" is-config="true" duration-ms="6" started-at="2019-02-18T10:49:46Z" finished-at="2019-02-18T10:49:46Z">
          <params>
            <param index="0">
              <value>
                <![CDATA[org.testng.TestRunner@30814f43]]>
              </value>
            </param>
            <param index="1">
              <value>
                <![CDATA[]]>
              </value>
            </param>
            <param index="2">
              <value>
                <![CDATA[]]>
              </value>
            </param>
            <param index="3">
              <value>
                <![CDATA[]]>
              </value>
            </param>
          </params>
          <reporter-output>
            <line>
              <![CDATA[1550486986298 INFO    INIT CLASS: PerformLoginAndTweetTest]]>
            </line>
            <line>
              <![CDATA[1550486986302 INFO    Setting debugLevel to IMAGES_RESULT]]>
            </line>
          </reporter-output>
        </test-method> <!-- initTestClass -->
        <test-method status="PASS" signature="beforeMethod(org.testng.ITestContext, org.testng.xml.XmlTest, java.lang.reflect.Method, [Ljava.lang.Object;)[pri:0, instance:twitter.PerformLoginAndTweetTest@76f2bbc1]" name="beforeMethod" is-config="true" duration-ms="1" started-at="2019-02-18T10:49:56Z" finished-at="2019-02-18T10:49:56Z">
          <params>
            <param index="0">
              <value>
                <![CDATA[org.testng.TestRunner@30814f43]]>
              </value>
            </param>
            <param index="1">
              <value>
                <![CDATA[org.testng.xml.XmlTest@3f04d83b]]>
              </value>
            </param>
            <param index="2">
              <value>
                <![CDATA[public void twitter.PerformLoginAndTweetTest.performLoginAndWriteTweet(org.openqa.selenium.WebDriver)]]>
              </value>
            </param>
            <param index="3">
              <value>
                <![CDATA[[Ljava.lang.Object;@49cf9028]]>
              </value>
            </param>
          </params>
          <reporter-output>
          </reporter-output>
        </test-method> <!-- beforeMethod -->
        <test-method status="PASS" signature="performLoginAndWriteTweet(org.openqa.selenium.WebDriver)[pri:0, instance:twitter.PerformLoginAndTweetTest@76f2bbc1]" name="performLoginAndWriteTweet" duration-ms="7726" started-at="2019-02-18T10:49:56Z" data-provider="getWebDriver" finished-at="2019-02-18T10:50:03Z">
          <params>
            <param index="0">
              <value>
                <![CDATA[org.openqa.selenium.support.events.EventFiringWebDriver@6e57b5e9]]>
              </value>
            </param>
          </params>
          <reporter-output>
            <line>
              <![CDATA[1550486996272 INFO    TEST STARTED: performLoginAndWriteTweet]]>
            </line>
            <line>
              <![CDATA[1550486996280 INFO    It varifies that login page has loaded]]>
            </line>
            <line>
              <![CDATA[1550486996280 INFO    Initializing Pages that would be used in Test]]>
            </line>
            <line>
              <![CDATA[1550486996309 INFO    Verifying that the login page is loaded by visibility of login button]]>
            </line>
            <line>
              <![CDATA[1550486996317 TRACE   Finding element using locator:  By.cssSelector: .submit.EdgeButton.EdgeButton--primary.EdgeButtom--medium]]>
            </line>
            <line>
              <![CDATA[1550486996361 TRACE   Element was displayed within 5000 milliseconds]]>
            </line>
            <line>
              <![CDATA[1550486996362 INFO    The Login button is visible]]>
            </line>
            <line>
              <![CDATA[1550486996364 TRACE   Finding element using locator:  By.cssSelector: .js-username-field.email-input.js-initial-focus]]>
            </line>
            <line>
              <![CDATA[1550486996967 TRACE   Finding element using locator:  By.cssSelector: .js-password-field]]>
            </line>
            <line>
              <![CDATA[1550486997476 TRACE   Finding element using locator:  By.cssSelector: .submit.EdgeButton.EdgeButton--primary.EdgeButtom--medium]]>
            </line>
            <line>
              <![CDATA[1550486997517 TRACE   Element was clickable within 3000 milliseconds]]>
            </line>
            <line>
              <![CDATA[1550486998992 INFO    Driver clicked on element: [[ChromeDriver: chrome on XP (22ad901358443a8f8b6f955d0c79edf1)] -> css selector: .submit.EdgeButton.EdgeButton--primary.EdgeButtom--medium]]]>
            </line>
            <line>
              <![CDATA[1550486998993 INFO    Verifying that the login page is loaded by visibility of login button]]>
            </line>
            <line>
              <![CDATA[1550486998993 TRACE   Finding element using locator:  By.xpath: //*[@id="tweet-box-home-timeline"]]]>
            </line>
            <line>
              <![CDATA[1550487000451 TRACE   Element was displayed within 5000 milliseconds]]>
            </line>
            <line>
              <![CDATA[1550487000451 INFO    The main page is visible]]>
            </line>
            <line>
              <![CDATA[1550487000605 TRACE   Element was clickable within 3000 milliseconds]]>
            </line>
            <line>
              <![CDATA[1550487000773 INFO    Driver clicked on element: [[ChromeDriver: chrome on XP (22ad901358443a8f8b6f955d0c79edf1)] -> xpath: //*[@id="tweet-box-home-timeline"]]]]>
            </line>
            <line>
              <![CDATA[1550487003722 TRACE   Finding element using locator:  By.xpath: /html/body/div[2]/div[2]/div/div[2]/div[2]/div/form/div[3]/div[2]/button/span[1]]]>
            </line>
            <line>
              <![CDATA[1550487003846 INFO    Driver clicked on element: [[ChromeDriver: chrome on XP (22ad901358443a8f8b6f955d0c79edf1)] -> xpath: /html/body/div[2]/div[2]/div/div[2]/div[2]/div/form/div[3]/div[2]/button/span[1]]]]>
            </line>
            <line>
              <![CDATA[1550487003928 TRACE   Element was clickable within 3000 milliseconds]]>
            </line>
            <line>
              <![CDATA[1550487003996 INFO    Driver clicked on element: [[ChromeDriver: chrome on XP (22ad901358443a8f8b6f955d0c79edf1)] -> xpath: /html/body/div[2]/div[2]/div/div[2]/div[2]/div/form/div[3]/div[2]/button/span[1]]]]>
            </line>
            <line>
              <![CDATA[1550487003996 INFO    tweet button clicked and tweet has been made]]>
            </line>
            <line>
              <![CDATA[1550487004577 DEBUG   Took screenshot, elapsed time: 549.8 ms]]>
            </line>
            <line>
              <![CDATA[1550487004837 INFO    Appended screenshot with text '2019/02/18 - 11:50:04 - PASS:performLoginAndWriteTweet ' to file: target/surefire-reports\performLoginAndWriteTweet__chromedriver__2019-02-18--11-50-04.jpg in 255.5 ms]]>
            </line>
            <line>
              <![CDATA[1550487004837 INFO    TEST PASSED: performLoginAndWriteTweet
]]>
            </line>
          </reporter-output>
        </test-method> <!-- performLoginAndWriteTweet -->
        <test-method status="PASS" signature="closeWebDriver(org.testng.ITestResult)[pri:0, instance:twitter.PerformLoginAndTweetTest@76f2bbc1]" name="closeWebDriver" is-config="true" duration-ms="721" started-at="2019-02-18T10:50:04Z" finished-at="2019-02-18T10:50:05Z">
          <params>
            <param index="0">
              <value>
                <![CDATA[[TestResult name=performLoginAndWriteTweet status=SUCCESS method=PerformLoginAndTweetTest.performLoginAndWriteTweet(org.openqa.selenium.WebDriver)[pri:0, instance:twitter.PerformLoginAndTweetTest@76f2bbc1] output=1550486996272 INFO    TEST STARTED: performLoginAndWriteTweet]]]>
              </value>
            </param>
          </params>
          <reporter-output>
            <line>
              <![CDATA[1550487004840 INFO    CLOSING CHROMEDRIVER: performLoginAndWriteTweet]]>
            </line>
          </reporter-output>
        </test-method> <!-- closeWebDriver -->
        <test-method status="PASS" signature="closeSuite()[pri:0, instance:twitter.PerformLoginAndTweetTest@76f2bbc1]" name="closeSuite" is-config="true" duration-ms="0" started-at="2019-02-18T10:50:05Z" finished-at="2019-02-18T10:50:05Z">
          <reporter-output>
          </reporter-output>
        </test-method> <!-- closeSuite -->
      </class> <!-- twitter.PerformLoginAndTweetTest -->
    </test> <!-- Test -->
  </suite> <!-- Suite -->
</testng-results>
