<?xml version="1.0" encoding="UTF-8"?>
<testng-results skipped="0" failed="0" ignored="0" total="1" passed="1">
  <reporter-output>
    <line>
      <![CDATA[1549287593004 INFO    STARTING TESTSUITE: Test]]>
    </line>
    <line>
      <![CDATA[1549287593250 INFO    configId: chromedriver]]>
    </line>
    <line>
      <![CDATA[1549287593252 INFO    Initializing testsuite, should only run once per]]>
    </line>
    <line>
      <![CDATA[1549287593252 INFO    Attempting to use the latest available version for webdriver ChromeDriver.]]>
    </line>
    <line>
      <![CDATA[1549287594926 INFO    INIT CLASS: PerformLoginAndTweetTest]]>
    </line>
    <line>
      <![CDATA[1549287594929 INFO    Setting debugLevel to IMAGES_RESULT]]>
    </line>
    <line>
      <![CDATA[1549287594936 INFO    configId: chromedriver]]>
    </line>
    <line>
      <![CDATA[1549287594946 INFO    Initializing ChromeDriver]]>
    </line>
    <line>
      <![CDATA[1549287597823 INFO    Setting implicit wait to 0 milliseconds]]>
    </line>
    <line>
      <![CDATA[1549287598641 INFO    Driver loaded URL: https://twitter.com/login]]>
    </line>
    <line>
      <![CDATA[1549287598642 INFO    Navigate to twitter's login-page, the sleep function provied 1000 milli seconds to load the page]]>
    </line>
    <line>
      <![CDATA[1549287603649 INFO    TEST STARTED: performLoginAndWriteTweet]]>
    </line>
    <line>
      <![CDATA[1549287603659 INFO    It varifies that login page has loaded]]>
    </line>
    <line>
      <![CDATA[1549287603660 INFO    Initializing Pages that would be used in Test]]>
    </line>
    <line>
      <![CDATA[1549287603695 INFO    Verifying that the login page is loaded by visibility of login button]]>
    </line>
    <line>
      <![CDATA[1549287603709 TRACE   Finding element using locator:  By.cssSelector: .submit.EdgeButton.EdgeButton--primary.EdgeButtom--medium]]>
    </line>
    <line>
      <![CDATA[1549287603755 TRACE   Element was displayed within 5000 milliseconds]]>
    </line>
    <line>
      <![CDATA[1549287603755 INFO    The Login button is visible]]>
    </line>
    <line>
      <![CDATA[1549287603759 TRACE   Finding element using locator:  By.cssSelector: .js-username-field.email-input.js-initial-focus]]>
    </line>
    <line>
      <![CDATA[1549287604245 TRACE   Finding element using locator:  By.cssSelector: .js-password-field]]>
    </line>
    <line>
      <![CDATA[1549287604721 TRACE   Finding element using locator:  By.cssSelector: .submit.EdgeButton.EdgeButton--primary.EdgeButtom--medium]]>
    </line>
    <line>
      <![CDATA[1549287604764 TRACE   Element was clickable within 3000 milliseconds]]>
    </line>
    <line>
      <![CDATA[1549287606184 INFO    Driver clicked on element: [[ChromeDriver: chrome on XP (04a1ec7e2fd97e6664cd35c30f8639ca)] -> css selector: .submit.EdgeButton.EdgeButton--primary.EdgeButtom--medium]]]>
    </line>
    <line>
      <![CDATA[1549287606185 INFO    Verifying that the login page is loaded by visibility of login button]]>
    </line>
    <line>
      <![CDATA[1549287606186 TRACE   Finding element using locator:  By.xpath: //*[@id="tweet-box-home-timeline"]]]>
    </line>
    <line>
      <![CDATA[1549287607125 TRACE   Element was displayed within 5000 milliseconds]]>
    </line>
    <line>
      <![CDATA[1549287607126 INFO    The main page is visible]]>
    </line>
    <line>
      <![CDATA[1549287607289 TRACE   Element was clickable within 3000 milliseconds]]>
    </line>
    <line>
      <![CDATA[1549287607457 INFO    Driver clicked on element: [[ChromeDriver: chrome on XP (04a1ec7e2fd97e6664cd35c30f8639ca)] -> xpath: //*[@id="tweet-box-home-timeline"]]]]>
    </line>
    <line>
      <![CDATA[1549287610051 TRACE   Finding element using locator:  By.xpath: /html/body/div[2]/div[2]/div/div[2]/div[2]/div/form/div[3]/div[2]/button/span[1]]]>
    </line>
    <line>
      <![CDATA[1549287610165 INFO    Driver clicked on element: [[ChromeDriver: chrome on XP (04a1ec7e2fd97e6664cd35c30f8639ca)] -> xpath: /html/body/div[2]/div[2]/div/div[2]/div[2]/div/form/div[3]/div[2]/button/span[1]]]]>
    </line>
    <line>
      <![CDATA[1549287610232 TRACE   Element was clickable within 3000 milliseconds]]>
    </line>
    <line>
      <![CDATA[1549287610321 INFO    Driver clicked on element: [[ChromeDriver: chrome on XP (04a1ec7e2fd97e6664cd35c30f8639ca)] -> xpath: /html/body/div[2]/div[2]/div/div[2]/div[2]/div/form/div[3]/div[2]/button/span[1]]]]>
    </line>
    <line>
      <![CDATA[1549287610322 INFO    tweet button clicked and tweet has been made]]>
    </line>
    <line>
      <![CDATA[1549287610826 DEBUG   Took screenshot, elapsed time: 463.7 ms]]>
    </line>
    <line>
      <![CDATA[1549287611022 INFO    Appended screenshot with text '2019/02/04 - 14:40:10 - PASS:performLoginAndWriteTweet ' to file: target/surefire-reports\performLoginAndWriteTweet__chromedriver__2019-02-04--14-40-10.jpg in 183.8 ms]]>
    </line>
    <line>
      <![CDATA[1549287611024 INFO    TEST PASSED: performLoginAndWriteTweet
]]>
    </line>
    <line>
      <![CDATA[1549287611029 INFO    CLOSING CHROMEDRIVER: performLoginAndWriteTweet]]>
    </line>
  </reporter-output>
  <suite name="Suite" duration-ms="18779" started-at="2019-02-04T13:39:52Z" finished-at="2019-02-04T13:40:11Z">
    <groups>
      <group name="standard">
        <method signature="PerformLoginAndTweetTest.performLoginAndWriteTweet(org.openqa.selenium.WebDriver)[pri:0, instance:twitter.PerformLoginAndTweetTest@78ffe6dc]" name="performLoginAndWriteTweet" class="twitter.PerformLoginAndTweetTest"/>
      </group> <!-- standard -->
    </groups>
    <test name="Test" duration-ms="18779" started-at="2019-02-04T13:39:52Z" finished-at="2019-02-04T13:40:11Z">
      <class name="twitter.PerformLoginAndTweetTest">
        <test-method status="PASS" signature="beforeSuite(org.testng.ITestContext, org.testng.xml.XmlTest)[pri:0, instance:twitter.PerformLoginAndTweetTest@78ffe6dc]" name="beforeSuite" is-config="true" duration-ms="18" started-at="2019-02-04T13:39:52Z" finished-at="2019-02-04T13:39:52Z">
          <params>
            <param index="0">
              <value>
                <![CDATA[org.testng.TestRunner@bc4d5e1]]>
              </value>
            </param>
            <param index="1">
              <value>
                <![CDATA[org.testng.xml.XmlTest@815c7f45]]>
              </value>
            </param>
          </params>
          <reporter-output>
          </reporter-output>
        </test-method> <!-- beforeSuite -->
        <test-method status="PASS" signature="initSuite(org.testng.ITestContext, java.lang.String, java.lang.String)[pri:0, instance:twitter.PerformLoginAndTweetTest@78ffe6dc]" name="initSuite" is-config="true" duration-ms="1907" started-at="2019-02-04T13:39:53Z" finished-at="2019-02-04T13:39:54Z">
          <params>
            <param index="0">
              <value>
                <![CDATA[org.testng.TestRunner@bc4d5e1]]>
              </value>
            </param>
            <param index="1">
              <value>
                <![CDATA[]]>
              </value>
            </param>
            <param index="2">
              <value>
                <![CDATA[]]>
              </value>
            </param>
          </params>
          <reporter-output>
            <line>
              <![CDATA[1549287593250 INFO    configId: chromedriver]]>
            </line>
            <line>
              <![CDATA[1549287593252 INFO    Initializing testsuite, should only run once per]]>
            </line>
            <line>
              <![CDATA[1549287593252 INFO    Attempting to use the latest available version for webdriver ChromeDriver.]]>
            </line>
          </reporter-output>
        </test-method> <!-- initSuite -->
        <test-method status="PASS" signature="initTestClass(org.testng.ITestContext, java.lang.String, java.lang.String, java.lang.String)[pri:0, instance:twitter.PerformLoginAndTweetTest@78ffe6dc]" name="initTestClass" is-config="true" duration-ms="5" started-at="2019-02-04T13:39:54Z" finished-at="2019-02-04T13:39:54Z">
          <params>
            <param index="0">
              <value>
                <![CDATA[org.testng.TestRunner@bc4d5e1]]>
              </value>
            </param>
            <param index="1">
              <value>
                <![CDATA[]]>
              </value>
            </param>
            <param index="2">
              <value>
                <![CDATA[]]>
              </value>
            </param>
            <param index="3">
              <value>
                <![CDATA[]]>
              </value>
            </param>
          </params>
          <reporter-output>
            <line>
              <![CDATA[1549287594926 INFO    INIT CLASS: PerformLoginAndTweetTest]]>
            </line>
            <line>
              <![CDATA[1549287594929 INFO    Setting debugLevel to IMAGES_RESULT]]>
            </line>
          </reporter-output>
        </test-method> <!-- initTestClass -->
        <test-method status="PASS" signature="beforeMethod(org.testng.ITestContext, org.testng.xml.XmlTest, java.lang.reflect.Method, [Ljava.lang.Object;)[pri:0, instance:twitter.PerformLoginAndTweetTest@78ffe6dc]" name="beforeMethod" is-config="true" duration-ms="1" started-at="2019-02-04T13:40:03Z" finished-at="2019-02-04T13:40:03Z">
          <params>
            <param index="0">
              <value>
                <![CDATA[org.testng.TestRunner@bc4d5e1]]>
              </value>
            </param>
            <param index="1">
              <value>
                <![CDATA[org.testng.xml.XmlTest@815c7f45]]>
              </value>
            </param>
            <param index="2">
              <value>
                <![CDATA[public void twitter.PerformLoginAndTweetTest.performLoginAndWriteTweet(org.openqa.selenium.WebDriver)]]>
              </value>
            </param>
            <param index="3">
              <value>
                <![CDATA[[Ljava.lang.Object;@2257fadf]]>
              </value>
            </param>
          </params>
          <reporter-output>
          </reporter-output>
        </test-method> <!-- beforeMethod -->
        <test-method status="PASS" signature="performLoginAndWriteTweet(org.openqa.selenium.WebDriver)[pri:0, instance:twitter.PerformLoginAndTweetTest@78ffe6dc]" name="performLoginAndWriteTweet" duration-ms="6673" started-at="2019-02-04T13:40:03Z" data-provider="getWebDriver" finished-at="2019-02-04T13:40:10Z">
          <params>
            <param index="0">
              <value>
                <![CDATA[org.openqa.selenium.support.events.EventFiringWebDriver@66f659e6]]>
              </value>
            </param>
          </params>
          <reporter-output>
            <line>
              <![CDATA[1549287603649 INFO    TEST STARTED: performLoginAndWriteTweet]]>
            </line>
            <line>
              <![CDATA[1549287603659 INFO    It varifies that login page has loaded]]>
            </line>
            <line>
              <![CDATA[1549287603660 INFO    Initializing Pages that would be used in Test]]>
            </line>
            <line>
              <![CDATA[1549287603695 INFO    Verifying that the login page is loaded by visibility of login button]]>
            </line>
            <line>
              <![CDATA[1549287603709 TRACE   Finding element using locator:  By.cssSelector: .submit.EdgeButton.EdgeButton--primary.EdgeButtom--medium]]>
            </line>
            <line>
              <![CDATA[1549287603755 TRACE   Element was displayed within 5000 milliseconds]]>
            </line>
            <line>
              <![CDATA[1549287603755 INFO    The Login button is visible]]>
            </line>
            <line>
              <![CDATA[1549287603759 TRACE   Finding element using locator:  By.cssSelector: .js-username-field.email-input.js-initial-focus]]>
            </line>
            <line>
              <![CDATA[1549287604245 TRACE   Finding element using locator:  By.cssSelector: .js-password-field]]>
            </line>
            <line>
              <![CDATA[1549287604721 TRACE   Finding element using locator:  By.cssSelector: .submit.EdgeButton.EdgeButton--primary.EdgeButtom--medium]]>
            </line>
            <line>
              <![CDATA[1549287604764 TRACE   Element was clickable within 3000 milliseconds]]>
            </line>
            <line>
              <![CDATA[1549287606184 INFO    Driver clicked on element: [[ChromeDriver: chrome on XP (04a1ec7e2fd97e6664cd35c30f8639ca)] -> css selector: .submit.EdgeButton.EdgeButton--primary.EdgeButtom--medium]]]>
            </line>
            <line>
              <![CDATA[1549287606185 INFO    Verifying that the login page is loaded by visibility of login button]]>
            </line>
            <line>
              <![CDATA[1549287606186 TRACE   Finding element using locator:  By.xpath: //*[@id="tweet-box-home-timeline"]]]>
            </line>
            <line>
              <![CDATA[1549287607125 TRACE   Element was displayed within 5000 milliseconds]]>
            </line>
            <line>
              <![CDATA[1549287607126 INFO    The main page is visible]]>
            </line>
            <line>
              <![CDATA[1549287607289 TRACE   Element was clickable within 3000 milliseconds]]>
            </line>
            <line>
              <![CDATA[1549287607457 INFO    Driver clicked on element: [[ChromeDriver: chrome on XP (04a1ec7e2fd97e6664cd35c30f8639ca)] -> xpath: //*[@id="tweet-box-home-timeline"]]]]>
            </line>
            <line>
              <![CDATA[1549287610051 TRACE   Finding element using locator:  By.xpath: /html/body/div[2]/div[2]/div/div[2]/div[2]/div/form/div[3]/div[2]/button/span[1]]]>
            </line>
            <line>
              <![CDATA[1549287610165 INFO    Driver clicked on element: [[ChromeDriver: chrome on XP (04a1ec7e2fd97e6664cd35c30f8639ca)] -> xpath: /html/body/div[2]/div[2]/div/div[2]/div[2]/div/form/div[3]/div[2]/button/span[1]]]]>
            </line>
            <line>
              <![CDATA[1549287610232 TRACE   Element was clickable within 3000 milliseconds]]>
            </line>
            <line>
              <![CDATA[1549287610321 INFO    Driver clicked on element: [[ChromeDriver: chrome on XP (04a1ec7e2fd97e6664cd35c30f8639ca)] -> xpath: /html/body/div[2]/div[2]/div/div[2]/div[2]/div/form/div[3]/div[2]/button/span[1]]]]>
            </line>
            <line>
              <![CDATA[1549287610322 INFO    tweet button clicked and tweet has been made]]>
            </line>
            <line>
              <![CDATA[1549287610826 DEBUG   Took screenshot, elapsed time: 463.7 ms]]>
            </line>
            <line>
              <![CDATA[1549287611022 INFO    Appended screenshot with text '2019/02/04 - 14:40:10 - PASS:performLoginAndWriteTweet ' to file: target/surefire-reports\performLoginAndWriteTweet__chromedriver__2019-02-04--14-40-10.jpg in 183.8 ms]]>
            </line>
            <line>
              <![CDATA[1549287611024 INFO    TEST PASSED: performLoginAndWriteTweet
]]>
            </line>
          </reporter-output>
        </test-method> <!-- performLoginAndWriteTweet -->
        <test-method status="PASS" signature="closeWebDriver(org.testng.ITestResult)[pri:0, instance:twitter.PerformLoginAndTweetTest@78ffe6dc]" name="closeWebDriver" is-config="true" duration-ms="747" started-at="2019-02-04T13:40:11Z" finished-at="2019-02-04T13:40:11Z">
          <params>
            <param index="0">
              <value>
                <![CDATA[[TestResult name=performLoginAndWriteTweet status=SUCCESS method=PerformLoginAndTweetTest.performLoginAndWriteTweet(org.openqa.selenium.WebDriver)[pri:0, instance:twitter.PerformLoginAndTweetTest@78ffe6dc] output=1549287603649 INFO    TEST STARTED: performLoginAndWriteTweet]]]>
              </value>
            </param>
          </params>
          <reporter-output>
            <line>
              <![CDATA[1549287611029 INFO    CLOSING CHROMEDRIVER: performLoginAndWriteTweet]]>
            </line>
          </reporter-output>
        </test-method> <!-- closeWebDriver -->
        <test-method status="PASS" signature="closeSuite()[pri:0, instance:twitter.PerformLoginAndTweetTest@78ffe6dc]" name="closeSuite" is-config="true" duration-ms="0" started-at="2019-02-04T13:40:11Z" finished-at="2019-02-04T13:40:11Z">
          <reporter-output>
          </reporter-output>
        </test-method> <!-- closeSuite -->
      </class> <!-- twitter.PerformLoginAndTweetTest -->
    </test> <!-- Test -->
  </suite> <!-- Suite -->
</testng-results>
